[2025-10-11 23:52:35] Sent to salimimehdi@yahoo.com (Tavalode Erfan)
[2025-10-11 23:52:35] Emails sent: 1
[2025-10-12 12:10:59] Sent to salimimehdi@yahoo.com (Tavalode Erfan)
[2025-10-12 12:10:59] Emails sent: 1
[2025-10-12 12:10:59] CRON wurde erfolgreich abgeschlossen – E-Mails wurden gesendet.: 1
[2025-10-12 12:21:16] Sent to salimimehdi@yahoo.com (Tavalode Erfan)
[2025-10-12 12:21:16] Emails sent: 1
[2025-10-12 12:21:16] CRON wurde erfolgreich abgeschlossen – E-Mails wurden gesendet.: 1
[2025-10-12 14:01:07] Sent to salimimehdi@yahoo.com (Tavalode Erfan)
[2025-10-12 14:01:07] Emails sent: 1
[2025-10-12 14:01:07] CRON wurde erfolgreich abgeschlossen – E-Mails wurden gesendet.: 1
[2025-10-12 14:14:17] Sent to salimimehdi@yahoo.com (Tavalode Nila)
[2025-10-12 14:14:17] Emails sent: 1
[2025-10-12 14:14:17] CRON wurde erfolgreich abgeschlossen – E-Mails wurden gesendet.: 1
[2025-10-12 14:47:22] Sent to salimimehdi@yahoo.com (Tavalode Mitra)
[2025-10-12 14:47:22] Emails sent: 1
[2025-10-12 14:47:22] CRON wurde erfolgreich abgeschlossen – E-Mails wurden gesendet.: 1
[2025-10-12 15:04:53] Sent to salimimehdi@yahoo.com (Tavalode Maman)
[2025-10-12 15:04:53] Emails sent: 1
[2025-10-12 15:04:53] CRON wurde erfolgreich abgeschlossen – E-Mails wurden gesendet.: 1
[2025-10-12 18:30:57] Sent to salimimehdi@yahoo.com (Tavalode Maman)
[2025-10-12 18:30:57] Emails sent: 1
[2025-10-12 18:30:57] CRON wurde erfolgreich abgeschlossen – E-Mails wurden gesendet.: 1
[2025-10-12 20:51:47] Sent to salimimehdi@yahoo.com (Tavalode Baba)
[2025-10-12 20:51:50] Sent to salimimehdi@yahoo.com (Test)
[2025-10-12 20:51:50] Emails sent: 2
[2025-10-12 20:51:50] CRON wurde erfolgreich abgeschlossen – E-Mails wurden gesendet.: 2
[2025-10-13 03:44:51] Sent to salimimehdi@yahoo.com (tt)
[2025-10-13 03:44:54] Sent to salimimehdi@yahoo.com (ii)
[2025-10-13 03:44:54] Emails sent: 2
[2025-10-13 03:44:54] CRON wurde erfolgreich abgeschlossen – E-Mails wurden gesendet.: 2
[2025-10-13 14:24:06] Send failed (false) for mehdidevops0@gmail.com
[2025-10-13 14:24:06] Send failed (false) for mehdidevops0@gmail.com
[2025-10-13 14:24:06] Emails sent: 0
[2025-10-13 14:24:06] CRON wurde erfolgreich abgeschlossen – E-Mails wurden gesendet.: 0
[2025-10-13 14:31:48] CRON wurde erfolgreich abgeschlossen – E-Mails wurden gesendet.: 0
[2025-10-13 14:41:39] Exception: MailService::buildReminderEmail(): Argument #1 ($userName) must be of type string, null given, called in C:\laragon\www\erinnerungskalender\app\services\ReminderQueueService.php on line 43
[2025-10-13 14:47:22] Send failed (false) for mehdidevops0@gmail.com
[2025-10-13 14:47:22] Send failed (false) for mehdidevops0@gmail.com
[2025-10-13 14:47:22] Emails sent: 0
[2025-10-13 14:47:22] CRON wurde erfolgreich abgeschlossen – E-Mails wurden gesendet.: 0
[2025-10-13 14:55:44] Sent to mehdidevops0@gmail.com (Test)
[2025-10-13 14:55:46] Sent to mehdidevops0@gmail.com (Test3)
[2025-10-13 14:55:46] Emails sent: 2
[2025-10-13 14:55:46] CRON wurde erfolgreich abgeschlossen – E-Mails wurden gesendet.: 2
[2025-10-13 15:39:02] Sent to mehdidevops0@gmail.com (Test3)
[2025-10-13 15:39:03] Sent to mehdidevops0@gmail.com (Test2)
[2025-10-13 15:39:03] Emails sent: 2
[2025-10-13 15:39:03] CRON wurde erfolgreich abgeschlossen – E-Mails wurden gesendet.: 2
[2025-10-13 16:07:41] Sent to mehdidevops0@gmail.com (Test3)
[2025-10-13 16:07:41] Emails sent: 1
[2025-10-13 16:07:41] CRON wurde erfolgreich abgeschlossen – E-Mails wurden gesendet.: 1
[2025-10-14 18:01:17] Sent to salimimehdi@yahoo.com (Test)
[2025-10-14 18:01:20] Sent to mehdidevops0@gmail.com (RESt)
[2025-10-14 18:01:20] Emails sent: 2
[2025-10-14 18:01:20] CRON wurde erfolgreich abgeschlossen – E-Mails wurden gesendet.: 2
[2025-10-14 18:18:47] CRON wurde erfolgreich abgeschlossen – E-Mails wurden gesendet.: 0
[2025-10-14 18:23:25] Sent to salimimehdi@yahoo.com (ttt)
[2025-10-14 18:23:25] Emails sent: 1
[2025-10-14 18:23:25] CRON wurde erfolgreich abgeschlossen – E-Mails wurden gesendet.: 1
[2025-10-14 21:09:42] Sent to salimimehdi@yahoo.com (testn)
[2025-10-14 21:09:42] Emails sent: 1
[2025-10-14 21:09:42] CRON wurde erfolgreich abgeschlossen – E-Mails wurden gesendet.: 1
